<?xml version="1.0" encoding="UTF-8"?>
<!-- Generated by org.testng.reporters.JUnitXMLReporter -->
<testsuite ignored="0" hostname="DESKTOP-BVVV3QU" failures="0" tests="2" name="Default test" time="11.486" errors="0" timestamp="2022-12-12T22:23:48 IST">
  <testcase classname="TestCases.NeoStoxTestclass" name="@BeforeClass launchNeoStox" time="11.279">
    <failure type="java.io.FileNotFoundException" message="C:\Users\DELL\eclipse-workspace\D1 16th JulyA Selenium Framework_Study\Neostox.properties (The system cannot find the path specified)">
      <![CDATA[java.io.FileNotFoundException: C:\Users\DELL\eclipse-workspace\D1 16th JulyA Selenium Framework_Study\Neostox.properties (The system cannot find the path specified)
at java.base/java.io.FileInputStream.open0(Native Method)
at java.base/java.io.FileInputStream.open(FileInputStream.java:219)
at java.base/java.io.FileInputStream.<init>(FileInputStream.java:157)
at java.base/java.io.FileInputStream.<init>(FileInputStream.java:112)
at Utility.UtilityforProperty.readDataFromProperties(UtilityforProperty.java:24)
at Base.NeoStoxBase.launchchromebrowser(NeoStoxBase.java:24)
at TestCases.NeoStoxTestclass.launchNeoStox(NeoStoxTestclass.java:46)
at java.base/jdk.internal.reflect.NativeMethodAccessorImpl.invoke0(Native Method)
at java.base/jdk.internal.reflect.NativeMethodAccessorImpl.invoke(NativeMethodAccessorImpl.java:62)
at java.base/jdk.internal.reflect.DelegatingMethodAccessorImpl.invoke(DelegatingMethodAccessorImpl.java:43)
at java.base/java.lang.reflect.Method.invoke(Method.java:566)
at org.testng.internal.invokers.MethodInvocationHelper.invokeMethod(MethodInvocationHelper.java:139)
at org.testng.internal.invokers.MethodInvocationHelper.invokeMethodConsideringTimeout(MethodInvocationHelper.java:69)
at org.testng.internal.invokers.ConfigInvoker.invokeConfigurationMethod(ConfigInvoker.java:361)
at org.testng.internal.invokers.ConfigInvoker.invokeConfigurations(ConfigInvoker.java:296)
at org.testng.internal.invokers.TestMethodWorker.invokeBeforeClassMethods(TestMethodWorker.java:180)
at org.testng.internal.invokers.TestMethodWorker.run(TestMethodWorker.java:122)
at java.base/java.util.ArrayList.forEach(ArrayList.java:1541)
at org.testng.TestRunner.privateRun(TestRunner.java:806)
at org.testng.TestRunner.run(TestRunner.java:601)
at org.testng.SuiteRunner.runTest(SuiteRunner.java:433)
at org.testng.SuiteRunner.runSequentially(SuiteRunner.java:427)
at org.testng.SuiteRunner.privateRun(SuiteRunner.java:387)
at org.testng.SuiteRunner.run(SuiteRunner.java:330)
at org.testng.SuiteRunnerWorker.runSuite(SuiteRunnerWorker.java:52)
at org.testng.SuiteRunnerWorker.run(SuiteRunnerWorker.java:95)
at org.testng.TestNG.runSuitesSequentially(TestNG.java:1256)
at org.testng.TestNG.runSuitesLocally(TestNG.java:1176)
at org.testng.TestNG.runSuites(TestNG.java:1099)
at org.testng.TestNG.run(TestNG.java:1067)
at org.testng.remote.AbstractRemoteTestNG.run(AbstractRemoteTestNG.java:115)
at org.testng.remote.RemoteTestNG.initAndRun(RemoteTestNG.java:251)
at org.testng.remote.RemoteTestNG.main(RemoteTestNG.java:77)
]]>
    </failure>
  </testcase> <!-- @BeforeClass launchNeoStox -->
  <testcase classname="TestCases.NeoStoxTestclass" name="@BeforeMethod LoginToNeoStox" time="0.0">
    <skipped/>
  </testcase> <!-- @BeforeMethod LoginToNeoStox -->
  <testcase classname="TestCases.NeoStoxTestclass" name="@AfterMethod logOut" time="0.0">
    <skipped/>
  </testcase> <!-- @AfterMethod logOut -->
  <testcase classname="TestCases.NeoStoxTestclass" name="@BeforeMethod LoginToNeoStox" time="0.0">
    <skipped/>
  </testcase> <!-- @BeforeMethod LoginToNeoStox -->
  <testcase classname="TestCases.NeoStoxTestclass" name="@AfterMethod logOut" time="0.0">
    <skipped/>
  </testcase> <!-- @AfterMethod logOut -->
  <testcase classname="TestCases.NeoStoxTestclass" name="@AfterClass closebrowser" time="0.0">
    <skipped/>
  </testcase> <!-- @AfterClass closebrowser -->
  <testcase classname="TestCases.NeoStoxTestclass" name="validateUserID" time="0.0">
    <skipped/>
  </testcase> <!-- validateUserID -->
  <testcase classname="TestCases.NeoStoxTestclass" name="validatebalance" time="0.001">
    <skipped/>
  </testcase> <!-- validatebalance -->
</testsuite> <!-- Default test -->
