<?xml version="1.0" encoding="UTF-8"?>
<!-- Generated by org.testng.reporters.JUnitXMLReporter -->
<testsuite ignored="0" hostname="DESKTOP-MJIDFNR" failures="0" tests="2" name="FirefoxTest" time="0.038" errors="0" timestamp="2022-12-03T08:48:35 IST">
  <testcase classname="TestCases.NeoStoxTestclass" name="@BeforeClass launchNeoStox" time="-1.67003751541E9">
    <failure type="org.testng.TestNGException" message="
Can inject only one of &amp;lt;ITestContext, XmlTest&amp;gt; into a @BeforeClass annotated launchNeoStox.
For more information on native dependency injection please refer to https://testng.org/doc/documentation-main.html#native-dependency-injection">
      <![CDATA[org.testng.TestNGException: 
Can inject only one of <ITestContext, XmlTest> into a @BeforeClass annotated launchNeoStox.
For more information on native dependency injection please refer to https://testng.org/doc/documentation-main.html#native-dependency-injection
at java.base/java.util.ArrayList.forEach(ArrayList.java:1541)
... Removed 22 stack frames]]>
    </failure>
  </testcase> <!-- @BeforeClass launchNeoStox -->
  <testcase classname="TestCases.NeoStoxTestclass" name="@BeforeMethod LoginToNeoStox" time="-1.670037515413E9">
    <skipped/>
  </testcase> <!-- @BeforeMethod LoginToNeoStox -->
  <testcase classname="TestCases.NeoStoxTestclass" name="@AfterMethod logOut" time="-1.670037515419E9">
    <skipped/>
  </testcase> <!-- @AfterMethod logOut -->
  <testcase classname="TestCases.NeoStoxTestclass" name="@BeforeMethod LoginToNeoStox" time="-1.670037515423E9">
    <skipped/>
  </testcase> <!-- @BeforeMethod LoginToNeoStox -->
  <testcase classname="TestCases.NeoStoxTestclass" name="@AfterMethod logOut" time="-1.670037515438E9">
    <skipped/>
  </testcase> <!-- @AfterMethod logOut -->
  <testcase classname="TestCases.NeoStoxTestclass" name="@AfterClass closebrowser" time="-1.670037515441E9">
    <skipped/>
  </testcase> <!-- @AfterClass closebrowser -->
  <testcase classname="TestCases.NeoStoxTestclass" name="validateUserID" time="0.0">
    <skipped/>
  </testcase> <!-- validateUserID -->
  <testcase classname="TestCases.NeoStoxTestclass" name="validatebalance" time="0.0">
    <skipped/>
  </testcase> <!-- validatebalance -->
</testsuite> <!-- FirefoxTest -->
