<?xml version="1.0" encoding="UTF-8"?>
<testng-results ignored="0" total="2" passed="0" failed="0" skipped="2">
  <reporter-output>
    <line>
      <![CDATA[TC validateUserID =====================is Skipped]]>
    </line>
    <line>
      <![CDATA[TC validatebalance =====================is Skipped]]>
    </line>
  </reporter-output>
  <suite started-at="2022-12-12T22:23:37 IST" name="Default suite" finished-at="2022-12-12T22:23:48 IST" duration-ms="11486">
    <groups>
    </groups>
    <test started-at="2022-12-12T22:23:37 IST" name="Default test" finished-at="2022-12-12T22:23:48 IST" duration-ms="11486">
      <class name="TestCases.NeoStoxTestclass">
        <test-method is-config="true" signature="launchNeoStox()[pri:0, instance:TestCases.NeoStoxTestclass@68c9133c]" started-at="2022-12-12T22:23:37 IST" name="launchNeoStox" finished-at="2022-12-12T22:23:48 IST" duration-ms="11279" status="FAIL">
          <exception class="java.io.FileNotFoundException">
            <message>
              <![CDATA[C:\Users\DELL\eclipse-workspace\D1 16th JulyA Selenium Framework_Study\Neostox.properties (The system cannot find the path specified)]]>
            </message>
            <full-stacktrace>
              <![CDATA[java.io.FileNotFoundException: C:\Users\DELL\eclipse-workspace\D1 16th JulyA Selenium Framework_Study\Neostox.properties (The system cannot find the path specified)
at java.base/java.io.FileInputStream.open0(Native Method)
at java.base/java.io.FileInputStream.open(FileInputStream.java:219)
at java.base/java.io.FileInputStream.<init>(FileInputStream.java:157)
at java.base/java.io.FileInputStream.<init>(FileInputStream.java:112)
at Utility.UtilityforProperty.readDataFromProperties(UtilityforProperty.java:24)
at Base.NeoStoxBase.launchchromebrowser(NeoStoxBase.java:24)
at TestCases.NeoStoxTestclass.launchNeoStox(NeoStoxTestclass.java:46)
at java.base/jdk.internal.reflect.NativeMethodAccessorImpl.invoke0(Native Method)
at java.base/jdk.internal.reflect.NativeMethodAccessorImpl.invoke(NativeMethodAccessorImpl.java:62)
at java.base/jdk.internal.reflect.DelegatingMethodAccessorImpl.invoke(DelegatingMethodAccessorImpl.java:43)
at java.base/java.lang.reflect.Method.invoke(Method.java:566)
at org.testng.internal.invokers.MethodInvocationHelper.invokeMethod(MethodInvocationHelper.java:139)
at org.testng.internal.invokers.MethodInvocationHelper.invokeMethodConsideringTimeout(MethodInvocationHelper.java:69)
at org.testng.internal.invokers.ConfigInvoker.invokeConfigurationMethod(ConfigInvoker.java:361)
at org.testng.internal.invokers.ConfigInvoker.invokeConfigurations(ConfigInvoker.java:296)
at org.testng.internal.invokers.TestMethodWorker.invokeBeforeClassMethods(TestMethodWorker.java:180)
at org.testng.internal.invokers.TestMethodWorker.run(TestMethodWorker.java:122)
at java.base/java.util.ArrayList.forEach(ArrayList.java:1541)
at org.testng.TestRunner.privateRun(TestRunner.java:806)
at org.testng.TestRunner.run(TestRunner.java:601)
at org.testng.SuiteRunner.runTest(SuiteRunner.java:433)
at org.testng.SuiteRunner.runSequentially(SuiteRunner.java:427)
at org.testng.SuiteRunner.privateRun(SuiteRunner.java:387)
at org.testng.SuiteRunner.run(SuiteRunner.java:330)
at org.testng.SuiteRunnerWorker.runSuite(SuiteRunnerWorker.java:52)
at org.testng.SuiteRunnerWorker.run(SuiteRunnerWorker.java:95)
at org.testng.TestNG.runSuitesSequentially(TestNG.java:1256)
at org.testng.TestNG.runSuitesLocally(TestNG.java:1176)
at org.testng.TestNG.runSuites(TestNG.java:1099)
at org.testng.TestNG.run(TestNG.java:1067)
at org.testng.remote.AbstractRemoteTestNG.run(AbstractRemoteTestNG.java:115)
at org.testng.remote.RemoteTestNG.initAndRun(RemoteTestNG.java:251)
at org.testng.remote.RemoteTestNG.main(RemoteTestNG.java:77)
]]>
            </full-stacktrace>
          </exception> <!-- java.io.FileNotFoundException -->
          <reporter-output>
          </reporter-output>
        </test-method> <!-- launchNeoStox -->
        <test-method is-config="true" signature="LoginToNeoStox()[pri:0, instance:TestCases.NeoStoxTestclass@68c9133c]" started-at="2022-12-12T22:23:48 IST" name="LoginToNeoStox" finished-at="2022-12-12T22:23:48 IST" duration-ms="0" status="SKIP">
          <reporter-output>
          </reporter-output>
        </test-method> <!-- LoginToNeoStox -->
        <test-method signature="validateUserID()[pri:0, instance:TestCases.NeoStoxTestclass@68c9133c]" started-at="2022-12-12T22:23:48 IST" name="validateUserID" finished-at="2022-12-12T22:23:48 IST" duration-ms="0" status="SKIP">
          <exception class="java.io.FileNotFoundException">
            <message>
              <![CDATA[C:\Users\DELL\eclipse-workspace\D1 16th JulyA Selenium Framework_Study\Neostox.properties (The system cannot find the path specified)]]>
            </message>
            <full-stacktrace>
              <![CDATA[java.io.FileNotFoundException: C:\Users\DELL\eclipse-workspace\D1 16th JulyA Selenium Framework_Study\Neostox.properties (The system cannot find the path specified)
at java.base/java.io.FileInputStream.open0(Native Method)
at java.base/java.io.FileInputStream.open(FileInputStream.java:219)
at java.base/java.io.FileInputStream.<init>(FileInputStream.java:157)
at java.base/java.io.FileInputStream.<init>(FileInputStream.java:112)
at Utility.UtilityforProperty.readDataFromProperties(UtilityforProperty.java:24)
at Base.NeoStoxBase.launchchromebrowser(NeoStoxBase.java:24)
at TestCases.NeoStoxTestclass.launchNeoStox(NeoStoxTestclass.java:46)
at java.base/jdk.internal.reflect.NativeMethodAccessorImpl.invoke0(Native Method)
at java.base/jdk.internal.reflect.NativeMethodAccessorImpl.invoke(NativeMethodAccessorImpl.java:62)
at java.base/jdk.internal.reflect.DelegatingMethodAccessorImpl.invoke(DelegatingMethodAccessorImpl.java:43)
at java.base/java.lang.reflect.Method.invoke(Method.java:566)
at org.testng.internal.invokers.MethodInvocationHelper.invokeMethod(MethodInvocationHelper.java:139)
at org.testng.internal.invokers.MethodInvocationHelper.invokeMethodConsideringTimeout(MethodInvocationHelper.java:69)
at org.testng.internal.invokers.ConfigInvoker.invokeConfigurationMethod(ConfigInvoker.java:361)
at org.testng.internal.invokers.ConfigInvoker.invokeConfigurations(ConfigInvoker.java:296)
at org.testng.internal.invokers.TestMethodWorker.invokeBeforeClassMethods(TestMethodWorker.java:180)
at org.testng.internal.invokers.TestMethodWorker.run(TestMethodWorker.java:122)
at java.base/java.util.ArrayList.forEach(ArrayList.java:1541)
at org.testng.TestRunner.privateRun(TestRunner.java:806)
at org.testng.TestRunner.run(TestRunner.java:601)
at org.testng.SuiteRunner.runTest(SuiteRunner.java:433)
at org.testng.SuiteRunner.runSequentially(SuiteRunner.java:427)
at org.testng.SuiteRunner.privateRun(SuiteRunner.java:387)
at org.testng.SuiteRunner.run(SuiteRunner.java:330)
at org.testng.SuiteRunnerWorker.runSuite(SuiteRunnerWorker.java:52)
at org.testng.SuiteRunnerWorker.run(SuiteRunnerWorker.java:95)
at org.testng.TestNG.runSuitesSequentially(TestNG.java:1256)
at org.testng.TestNG.runSuitesLocally(TestNG.java:1176)
at org.testng.TestNG.runSuites(TestNG.java:1099)
at org.testng.TestNG.run(TestNG.java:1067)
at org.testng.remote.AbstractRemoteTestNG.run(AbstractRemoteTestNG.java:115)
at org.testng.remote.RemoteTestNG.initAndRun(RemoteTestNG.java:251)
at org.testng.remote.RemoteTestNG.main(RemoteTestNG.java:77)
]]>
            </full-stacktrace>
          </exception> <!-- java.io.FileNotFoundException -->
          <reporter-output>
            <line>
              <![CDATA[TC validateUserID =====================is Skipped]]>
            </line>
          </reporter-output>
        </test-method> <!-- validateUserID -->
        <test-method is-config="true" signature="logOut()[pri:0, instance:TestCases.NeoStoxTestclass@68c9133c]" started-at="2022-12-12T22:23:48 IST" name="logOut" finished-at="2022-12-12T22:23:48 IST" duration-ms="0" status="SKIP">
          <reporter-output>
          </reporter-output>
        </test-method> <!-- logOut -->
        <test-method is-config="true" signature="LoginToNeoStox()[pri:0, instance:TestCases.NeoStoxTestclass@68c9133c]" started-at="2022-12-12T22:23:48 IST" name="LoginToNeoStox" finished-at="2022-12-12T22:23:48 IST" duration-ms="0" status="SKIP">
          <reporter-output>
          </reporter-output>
        </test-method> <!-- LoginToNeoStox -->
        <test-method signature="validatebalance()[pri:0, instance:TestCases.NeoStoxTestclass@68c9133c]" started-at="2022-12-12T22:23:48 IST" name="validatebalance" finished-at="2022-12-12T22:23:48 IST" duration-ms="1" status="SKIP">
          <exception class="java.io.FileNotFoundException">
            <message>
              <![CDATA[C:\Users\DELL\eclipse-workspace\D1 16th JulyA Selenium Framework_Study\Neostox.properties (The system cannot find the path specified)]]>
            </message>
            <full-stacktrace>
              <![CDATA[java.io.FileNotFoundException: C:\Users\DELL\eclipse-workspace\D1 16th JulyA Selenium Framework_Study\Neostox.properties (The system cannot find the path specified)
at java.base/java.io.FileInputStream.open0(Native Method)
at java.base/java.io.FileInputStream.open(FileInputStream.java:219)
at java.base/java.io.FileInputStream.<init>(FileInputStream.java:157)
at java.base/java.io.FileInputStream.<init>(FileInputStream.java:112)
at Utility.UtilityforProperty.readDataFromProperties(UtilityforProperty.java:24)
at Base.NeoStoxBase.launchchromebrowser(NeoStoxBase.java:24)
at TestCases.NeoStoxTestclass.launchNeoStox(NeoStoxTestclass.java:46)
at java.base/jdk.internal.reflect.NativeMethodAccessorImpl.invoke0(Native Method)
at java.base/jdk.internal.reflect.NativeMethodAccessorImpl.invoke(NativeMethodAccessorImpl.java:62)
at java.base/jdk.internal.reflect.DelegatingMethodAccessorImpl.invoke(DelegatingMethodAccessorImpl.java:43)
at java.base/java.lang.reflect.Method.invoke(Method.java:566)
at org.testng.internal.invokers.MethodInvocationHelper.invokeMethod(MethodInvocationHelper.java:139)
at org.testng.internal.invokers.MethodInvocationHelper.invokeMethodConsideringTimeout(MethodInvocationHelper.java:69)
at org.testng.internal.invokers.ConfigInvoker.invokeConfigurationMethod(ConfigInvoker.java:361)
at org.testng.internal.invokers.ConfigInvoker.invokeConfigurations(ConfigInvoker.java:296)
at org.testng.internal.invokers.TestMethodWorker.invokeBeforeClassMethods(TestMethodWorker.java:180)
at org.testng.internal.invokers.TestMethodWorker.run(TestMethodWorker.java:122)
at java.base/java.util.ArrayList.forEach(ArrayList.java:1541)
at org.testng.TestRunner.privateRun(TestRunner.java:806)
at org.testng.TestRunner.run(TestRunner.java:601)
at org.testng.SuiteRunner.runTest(SuiteRunner.java:433)
at org.testng.SuiteRunner.runSequentially(SuiteRunner.java:427)
at org.testng.SuiteRunner.privateRun(SuiteRunner.java:387)
at org.testng.SuiteRunner.run(SuiteRunner.java:330)
at org.testng.SuiteRunnerWorker.runSuite(SuiteRunnerWorker.java:52)
at org.testng.SuiteRunnerWorker.run(SuiteRunnerWorker.java:95)
at org.testng.TestNG.runSuitesSequentially(TestNG.java:1256)
at org.testng.TestNG.runSuitesLocally(TestNG.java:1176)
at org.testng.TestNG.runSuites(TestNG.java:1099)
at org.testng.TestNG.run(TestNG.java:1067)
at org.testng.remote.AbstractRemoteTestNG.run(AbstractRemoteTestNG.java:115)
at org.testng.remote.RemoteTestNG.initAndRun(RemoteTestNG.java:251)
at org.testng.remote.RemoteTestNG.main(RemoteTestNG.java:77)
]]>
            </full-stacktrace>
          </exception> <!-- java.io.FileNotFoundException -->
          <reporter-output>
            <line>
              <![CDATA[TC validatebalance =====================is Skipped]]>
            </line>
          </reporter-output>
        </test-method> <!-- validatebalance -->
        <test-method is-config="true" signature="logOut()[pri:0, instance:TestCases.NeoStoxTestclass@68c9133c]" started-at="2022-12-12T22:23:48 IST" name="logOut" finished-at="2022-12-12T22:23:48 IST" duration-ms="0" status="SKIP">
          <reporter-output>
          </reporter-output>
        </test-method> <!-- logOut -->
        <test-method is-config="true" signature="closebrowser()[pri:0, instance:TestCases.NeoStoxTestclass@68c9133c]" started-at="2022-12-12T22:23:48 IST" name="closebrowser" finished-at="2022-12-12T22:23:48 IST" duration-ms="0" status="SKIP">
          <reporter-output>
          </reporter-output>
        </test-method> <!-- closebrowser -->
      </class> <!-- TestCases.NeoStoxTestclass -->
    </test> <!-- Default test -->
  </suite> <!-- Default suite -->
</testng-results>
